<?xml version="1.0" encoding="UTF-8"?>
<!-- Generated by org.testng.reporters.JUnitReportReporter -->
<testsuite skipped="0" hostname="LAPTOP-LFPBBS7T" name="TestCases.FlipkartTest" tests="1" failures="0" timestamp="12 Sep 2020 11:23:28 GMT" time="16.430" errors="0">
  <testcase name="compareList" time="16.430" classname="TestCases.FlipkartTest"/>
</testsuite> <!-- TestCases.FlipkartTest -->
