<?xml version="1.0" encoding="UTF-8"?>
<!-- Generated by org.testng.reporters.JUnitReportReporter -->
<testsuite skipped="0" hostname="LAPTOP-LFPBBS7T" name="TestCases.FlipkartTest" tests="1" failures="0" timestamp="22 Oct 2020 21:05:44 GMT" time="12.295" errors="0">
  <testcase name="compareList" time="12.295" classname="TestCases.FlipkartTest"/>
</testsuite> <!-- TestCases.FlipkartTest -->
